<?xml version="1.0" encoding="UTF-8"?>
<!-- Generated by org.testng.reporters.JUnitXMLReporter -->
<testsuite ignored="0" hostname="Suresh" failures="1" tests="1" name="Surefire test" time="8.698" errors="0" timestamp="17 Mar 2024 20:58:23 GMT">
  <testcase classname="io.cucumber.testng.AbstractTestNGCucumberTests" name="runScenario" time="8.297">
    <failure type="java.lang.AssertionError" message="expected [true] but found [false]">
      <![CDATA[java.lang.AssertionError: expected [true] but found [false]
at rupsapanda.stepDefinitions.StepDefinitionImp.checkout_submit_order(StepDefinitionImp.java:52)
at âœ½.Checkout ZARA COAT 3 and submit the order(file:///C:/Users/panda/eclipse-workspace/SeleniumFrameworkDesign/src/test/java/cucumber/SubmitOrder.feature:14)
... Removed 4 stack frames]]>
    </failure>
  </testcase> <!-- runScenario -->
</testsuite> <!-- Surefire test -->
