<?xml version="1.0" encoding="UTF-8"?>
<!-- Generated by org.testng.reporters.JUnitReportReporter -->
<testsuite hostname="Suresh" failures="1" tests="1" name="cucumber.TestNGTestRunner" time="8.297" errors="0" timestamp="17 Mar 2024 20:58:23 GMT" skipped="0">
  <testcase classname="cucumber.TestNGTestRunner" name="runScenario" time="8.297">
    <failure message="expected [true] but found [false]" type="java.lang.AssertionError">
      <![CDATA[java.lang.AssertionError: expected [true] but found [false]
at org.testng.Assert.fail(Assert.java:96)
at org.testng.Assert.failNotEquals(Assert.java:776)
at org.testng.Assert.assertTrue(Assert.java:44)
at org.testng.Assert.assertTrue(Assert.java:54)
at rupsapanda.stepDefinitions.StepDefinitionImp.checkout_submit_order(StepDefinitionImp.java:52)
at âœ½.Checkout ZARA COAT 3 and submit the order(file:///C:/Users/panda/eclipse-workspace/SeleniumFrameworkDesign/src/test/java/cucumber/SubmitOrder.feature:14)
]]>
    </failure>
  </testcase> <!-- runScenario -->
</testsuite> <!-- cucumber.TestNGTestRunner -->
